Arguments: 
  /root/.nvm/versions/node/v6.9.1/bin/node /root/.nvm/versions/node/v6.9.1/bin/yarn add vuex vue-resource vue-router

PATH: 
  /root/.nvm/versions/node/v6.9.1/bin:/usr/lib64/ccache:/usr/local/bin:/usr/local/sbin:/usr/bin:/usr/sbin:/root/Documents/go/pandhuweni:/root/bin

Yarn version: 
  0.19.1

Node version: 
  6.9.1

Platform: 
  linux x64

npm manifest: 
  {
    "name": "challenge-board",
    "version": "1.0.0",
    "description": "Web based mentoring and monitoring system",
    "author": "Pandhu Weni <weniindya@gmail.com>",
    "private": true,
    "scripts": {
      "dev": "node build/dev-server.js",
      "build": "node build/build.js"
    },
    "dependencies": {
      "vue": "^2.1.0"
    },
    "devDependencies": {
      "autoprefixer": "^6.4.0",
      "babel-core": "^6.0.0",
      "babel-loader": "^6.0.0",
      "babel-plugin-transform-runtime": "^6.0.0",
      "babel-preset-es2015": "^6.0.0",
      "babel-preset-stage-2": "^6.0.0",
      "babel-register": "^6.0.0",
      "chalk": "^1.1.3",
      "connect-history-api-fallback": "^1.1.0",
      "css-loader": "^0.25.0",
      "eventsource-polyfill": "^0.9.6",
      "express": "^4.13.3",
      "extract-text-webpack-plugin": "^1.0.1",
      "file-loader": "^0.9.0",
      "friendly-errors-webpack-plugin": "^1.1.2",
      "function-bind": "^1.0.2",
      "html-webpack-plugin": "^2.8.1",
      "http-proxy-middleware": "^0.17.2",
      "json-loader": "^0.5.4",
      "semver": "^5.3.0",
      "opn": "^4.0.2",
      "ora": "^0.3.0",
      "shelljs": "^0.7.4",
      "url-loader": "^0.5.7",
      "vue-loader": "^10.0.0",
      "vue-style-loader": "^1.0.0",
      "vue-template-compiler": "^2.1.0",
      "webpack": "^1.13.2",
      "webpack-dev-middleware": "^1.8.3",
      "webpack-hot-middleware": "^2.12.2",
      "webpack-merge": "^0.14.1"
    },
    "engines": {
      "node": ">= 4.0.0",
      "npm": ">= 3.0.0"
    }
  }

yarn manifest: 
  No manifest

Lockfile: 
  No lockfile

Trace: 
  Error: connect ETIMEDOUT 104.16.60.173:443
      at Object.exports._errnoException (util.js:1026:11)
      at exports._exceptionWithHostPort (util.js:1049:20)
      at TCPConnectWrap.afterConnect [as oncomplete] (net.js:1085:14)
